<?xml version="1.0" encoding="UTF-8"?>
<testng-results skipped="0" failed="2" ignored="0" total="5" passed="3">
  <reporter-output>
  </reporter-output>
  <suite name="Salesforce" duration-ms="18499" started-at="2021-07-29T16:07:30Z" finished-at="2021-07-29T16:07:48Z">
    <groups>
      <group name="cucumber">
        <method signature="AbstractTestNGCucumberTests.runScenario(io.cucumber.testng.PickleWrapper, io.cucumber.testng.FeatureWrapper)[pri:0, instance:testSuite.Lead_run@31d7b7bf]" name="runScenario" class="io.cucumber.testng.AbstractTestNGCucumberTests"/>
        <method signature="AbstractTestNGCucumberTests.runScenario(io.cucumber.testng.PickleWrapper, io.cucumber.testng.FeatureWrapper)[pri:0, instance:testSuite.Login_run@30ee2816]" name="runScenario" class="io.cucumber.testng.AbstractTestNGCucumberTests"/>
      </group> <!-- cucumber -->
    </groups>
    <test name="smoketest" duration-ms="18499" started-at="2021-07-29T16:07:30Z" finished-at="2021-07-29T16:07:48Z">
      <class name="testSuite.Lead_run">
        <test-method status="PASS" signature="setUpClass()[pri:0, instance:testSuite.Lead_run@31d7b7bf]" name="setUpClass" is-config="true" duration-ms="44" started-at="2021-07-29T16:07:36Z" finished-at="2021-07-29T16:07:36Z">
          <reporter-output>
          </reporter-output>
        </test-method> <!-- setUpClass -->
        <test-method status="PASS" signature="runScenario(io.cucumber.testng.PickleWrapper, io.cucumber.testng.FeatureWrapper)[pri:0, instance:testSuite.Lead_run@31d7b7bf]" name="runScenario" duration-ms="10945" started-at="2021-07-29T16:07:36Z" description="Runs Cucumber Scenarios" data-provider="scenarios" finished-at="2021-07-29T16:07:47Z">
          <params>
            <param index="0">
              <value>
                <![CDATA["check the lead form"]]>
              </value>
            </param>
            <param index="1">
              <value>
                <![CDATA["Optional[lead functionality]"]]>
              </value>
            </param>
          </params>
          <reporter-output>
          </reporter-output>
        </test-method> <!-- runScenario -->
        <test-method status="PASS" signature="runScenario(io.cucumber.testng.PickleWrapper, io.cucumber.testng.FeatureWrapper)[pri:0, instance:testSuite.Lead_run@31d7b7bf]" name="runScenario" duration-ms="1500" started-at="2021-07-29T16:07:47Z" description="Runs Cucumber Scenarios" data-provider="scenarios" finished-at="2021-07-29T16:07:48Z">
          <params>
            <param index="0">
              <value>
                <![CDATA["create the new lead form"]]>
              </value>
            </param>
            <param index="1">
              <value>
                <![CDATA["Optional[lead functionality]"]]>
              </value>
            </param>
          </params>
          <reporter-output>
          </reporter-output>
        </test-method> <!-- runScenario -->
        <test-method status="FAIL" signature="runScenario(io.cucumber.testng.PickleWrapper, io.cucumber.testng.FeatureWrapper)[pri:0, instance:testSuite.Lead_run@31d7b7bf]" name="runScenario" duration-ms="60" started-at="2021-07-29T16:07:48Z" description="Runs Cucumber Scenarios" data-provider="scenarios" finished-at="2021-07-29T16:07:48Z">
          <params>
            <param index="0">
              <value>
                <![CDATA["edit lead"]]>
              </value>
            </param>
            <param index="1">
              <value>
                <![CDATA["Optional[lead functionality]"]]>
              </value>
            </param>
          </params>
          <exception class="io.cucumber.testng.UndefinedStepException">
            <message>
              <![CDATA[The step "user is on the lead" is undefined. You can implement it using the snippet(s) below:

@Given("user is on the lead")
public void user_is_on_the_lead() {
    // Write code here that turns the phrase above into concrete actions
    throw new io.cucumber.java.PendingException();
}
]]>
            </message>
            <full-stacktrace>
              <![CDATA[io.cucumber.testng.UndefinedStepException: The step "user is on the lead" is undefined. You can implement it using the snippet(s) below:

@Given("user is on the lead")
public void user_is_on_the_lead() {
    // Write code here that turns the phrase above into concrete actions
    throw new io.cucumber.java.PendingException();
}

at io.cucumber.core.runtime.TestCaseResultObserver.assertTestCasePassed(TestCaseResultObserver.java:102)
at io.cucumber.testng.TestCaseResultObserver.assertTestCasePassed(TestCaseResultObserver.java:23)
at io.cucumber.testng.TestNGCucumberRunner.lambda$runScenario$0(TestNGCucumberRunner.java:117)
at io.cucumber.core.runtime.CucumberExecutionContext.runTestCase(CucumberExecutionContext.java:117)
at io.cucumber.testng.TestNGCucumberRunner.runScenario(TestNGCucumberRunner.java:113)
at io.cucumber.testng.AbstractTestNGCucumberTests.runScenario(AbstractTestNGCucumberTests.java:31)
at sun.reflect.NativeMethodAccessorImpl.invoke0(Native Method)
at sun.reflect.NativeMethodAccessorImpl.invoke(Unknown Source)
at sun.reflect.DelegatingMethodAccessorImpl.invoke(Unknown Source)
at java.lang.reflect.Method.invoke(Unknown Source)
at org.testng.internal.MethodInvocationHelper.invokeMethod(MethodInvocationHelper.java:124)
at org.testng.internal.Invoker.invokeMethod(Invoker.java:583)
at org.testng.internal.Invoker.invokeTestMethod(Invoker.java:719)
at org.testng.internal.Invoker.invokeTestMethods(Invoker.java:989)
at org.testng.internal.TestMethodWorker.invokeTestMethods(TestMethodWorker.java:125)
at org.testng.internal.TestMethodWorker.run(TestMethodWorker.java:109)
at org.testng.TestRunner.privateRun(TestRunner.java:648)
at org.testng.TestRunner.run(TestRunner.java:505)
at org.testng.SuiteRunner.runTest(SuiteRunner.java:455)
at org.testng.SuiteRunner.runSequentially(SuiteRunner.java:450)
at org.testng.SuiteRunner.privateRun(SuiteRunner.java:415)
at org.testng.SuiteRunner.run(SuiteRunner.java:364)
at org.testng.SuiteRunnerWorker.runSuite(SuiteRunnerWorker.java:52)
at org.testng.SuiteRunnerWorker.run(SuiteRunnerWorker.java:84)
at org.testng.TestNG.runSuitesSequentially(TestNG.java:1208)
at org.testng.TestNG.runSuitesLocally(TestNG.java:1137)
at org.testng.TestNG.runSuites(TestNG.java:1049)
at org.testng.TestNG.run(TestNG.java:1017)
at org.testng.remote.AbstractRemoteTestNG.run(AbstractRemoteTestNG.java:115)
at org.testng.remote.RemoteTestNG.initAndRun(RemoteTestNG.java:251)
at org.testng.remote.RemoteTestNG.main(RemoteTestNG.java:77)
]]>
            </full-stacktrace>
          </exception> <!-- io.cucumber.testng.UndefinedStepException -->
          <reporter-output>
          </reporter-output>
        </test-method> <!-- runScenario -->
        <test-method status="FAIL" signature="runScenario(io.cucumber.testng.PickleWrapper, io.cucumber.testng.FeatureWrapper)[pri:0, instance:testSuite.Lead_run@31d7b7bf]" name="runScenario" duration-ms="25" started-at="2021-07-29T16:07:48Z" description="Runs Cucumber Scenarios" data-provider="scenarios" finished-at="2021-07-29T16:07:48Z">
          <params>
            <param index="0">
              <value>
                <![CDATA["Lead is generated from enquiry form"]]>
              </value>
            </param>
            <param index="1">
              <value>
                <![CDATA["Optional[lead functionality]"]]>
              </value>
            </param>
          </params>
          <exception class="io.cucumber.testng.UndefinedStepException">
            <message>
              <![CDATA[The step "user is onrespecctive website enquiry form" is undefined. You can implement it using the snippet(s) below:

@Given("user is onrespecctive website enquiry form")
public void user_is_onrespecctive_website_enquiry_form() {
    // Write code here that turns the phrase above into concrete actions
    throw new io.cucumber.java.PendingException();
}
]]>
            </message>
            <full-stacktrace>
              <![CDATA[io.cucumber.testng.UndefinedStepException: The step "user is onrespecctive website enquiry form" is undefined. You can implement it using the snippet(s) below:

@Given("user is onrespecctive website enquiry form")
public void user_is_onrespecctive_website_enquiry_form() {
    // Write code here that turns the phrase above into concrete actions
    throw new io.cucumber.java.PendingException();
}

at io.cucumber.core.runtime.TestCaseResultObserver.assertTestCasePassed(TestCaseResultObserver.java:102)
at io.cucumber.testng.TestCaseResultObserver.assertTestCasePassed(TestCaseResultObserver.java:23)
at io.cucumber.testng.TestNGCucumberRunner.lambda$runScenario$0(TestNGCucumberRunner.java:117)
at io.cucumber.core.runtime.CucumberExecutionContext.runTestCase(CucumberExecutionContext.java:117)
at io.cucumber.testng.TestNGCucumberRunner.runScenario(TestNGCucumberRunner.java:113)
at io.cucumber.testng.AbstractTestNGCucumberTests.runScenario(AbstractTestNGCucumberTests.java:31)
at sun.reflect.NativeMethodAccessorImpl.invoke0(Native Method)
at sun.reflect.NativeMethodAccessorImpl.invoke(Unknown Source)
at sun.reflect.DelegatingMethodAccessorImpl.invoke(Unknown Source)
at java.lang.reflect.Method.invoke(Unknown Source)
at org.testng.internal.MethodInvocationHelper.invokeMethod(MethodInvocationHelper.java:124)
at org.testng.internal.Invoker.invokeMethod(Invoker.java:583)
at org.testng.internal.Invoker.invokeTestMethod(Invoker.java:719)
at org.testng.internal.Invoker.invokeTestMethods(Invoker.java:989)
at org.testng.internal.TestMethodWorker.invokeTestMethods(TestMethodWorker.java:125)
at org.testng.internal.TestMethodWorker.run(TestMethodWorker.java:109)
at org.testng.TestRunner.privateRun(TestRunner.java:648)
at org.testng.TestRunner.run(TestRunner.java:505)
at org.testng.SuiteRunner.runTest(SuiteRunner.java:455)
at org.testng.SuiteRunner.runSequentially(SuiteRunner.java:450)
at org.testng.SuiteRunner.privateRun(SuiteRunner.java:415)
at org.testng.SuiteRunner.run(SuiteRunner.java:364)
at org.testng.SuiteRunnerWorker.runSuite(SuiteRunnerWorker.java:52)
at org.testng.SuiteRunnerWorker.run(SuiteRunnerWorker.java:84)
at org.testng.TestNG.runSuitesSequentially(TestNG.java:1208)
at org.testng.TestNG.runSuitesLocally(TestNG.java:1137)
at org.testng.TestNG.runSuites(TestNG.java:1049)
at org.testng.TestNG.run(TestNG.java:1017)
at org.testng.remote.AbstractRemoteTestNG.run(AbstractRemoteTestNG.java:115)
at org.testng.remote.RemoteTestNG.initAndRun(RemoteTestNG.java:251)
at org.testng.remote.RemoteTestNG.main(RemoteTestNG.java:77)
]]>
            </full-stacktrace>
          </exception> <!-- io.cucumber.testng.UndefinedStepException -->
          <reporter-output>
          </reporter-output>
        </test-method> <!-- runScenario -->
        <test-method status="PASS" signature="tearDownClass()[pri:0, instance:testSuite.Lead_run@31d7b7bf]" name="tearDownClass" is-config="true" duration-ms="5" started-at="2021-07-29T16:07:48Z" finished-at="2021-07-29T16:07:48Z">
          <reporter-output>
          </reporter-output>
        </test-method> <!-- tearDownClass -->
      </class> <!-- testSuite.Lead_run -->
      <class name="testSuite.Login_run">
        <test-method status="PASS" signature="setUpClass()[pri:0, instance:testSuite.Login_run@30ee2816]" name="setUpClass" is-config="true" duration-ms="405" started-at="2021-07-29T16:07:30Z" finished-at="2021-07-29T16:07:30Z">
          <reporter-output>
          </reporter-output>
        </test-method> <!-- setUpClass -->
        <test-method status="PASS" signature="runScenario(io.cucumber.testng.PickleWrapper, io.cucumber.testng.FeatureWrapper)[pri:0, instance:testSuite.Login_run@30ee2816]" name="runScenario" duration-ms="5455" started-at="2021-07-29T16:07:30Z" description="Runs Cucumber Scenarios" data-provider="scenarios" finished-at="2021-07-29T16:07:36Z">
          <params>
            <param index="0">
              <value>
                <![CDATA["Validate valid login"]]>
              </value>
            </param>
            <param index="1">
              <value>
                <![CDATA["Optional[Validate login functionality]"]]>
              </value>
            </param>
          </params>
          <reporter-output>
          </reporter-output>
        </test-method> <!-- runScenario -->
        <test-method status="PASS" signature="tearDownClass()[pri:0, instance:testSuite.Login_run@30ee2816]" name="tearDownClass" is-config="true" duration-ms="15" started-at="2021-07-29T16:07:36Z" finished-at="2021-07-29T16:07:36Z">
          <reporter-output>
          </reporter-output>
        </test-method> <!-- tearDownClass -->
      </class> <!-- testSuite.Login_run -->
      <class name="base.base">
        <test-method status="PASS" signature="setUp()[pri:0, instance:base.base@c267ef4]" name="setUp" is-config="true" duration-ms="5345" started-at="2021-07-29T16:07:24Z" finished-at="2021-07-29T16:07:30Z">
          <reporter-output>
          </reporter-output>
        </test-method> <!-- setUp -->
        <test-method status="PASS" signature="teadDown()[pri:0, instance:base.base@c267ef4]" name="teadDown" is-config="true" duration-ms="1236" started-at="2021-07-29T16:07:48Z" finished-at="2021-07-29T16:07:50Z">
          <reporter-output>
          </reporter-output>
        </test-method> <!-- teadDown -->
      </class> <!-- base.base -->
    </test> <!-- smoketest -->
  </suite> <!-- Salesforce -->
</testng-results>
